<?xml version="1.0" encoding="UTF-8"?>
<!-- Generated by org.testng.reporters.JUnitReportReporter -->
<testsuite skipped="0" hostname="Ashawa-Shivam" name="tests.HomePageTest" tests="1" failures="0" timestamp="24 Oct 2018 09:02:10 GMT" time="0.260" errors="0">
  <testcase name="verifyHomePage" time="0.260" classname="tests.HomePageTest"/>
</testsuite> <!-- tests.HomePageTest -->
